<?xml version="1.0" encoding="UTF-8"?>
<!-- Generated by org.testng.reporters.JUnitReportReporter -->
<testsuite skipped="0" hostname="DESKTOP-C90RD6T" name="TestNG4" tests="1" failures="0" timestamp="18 May 2022 13:55:15 GMT" time="0.030" errors="0">
  <testcase name="f" time="0.030" classname="TestNG4"/>
</testsuite> <!-- TestNG4 -->
