<?xml version="1.0" encoding="UTF-8"?>
<!-- Generated by org.testng.reporters.JUnitReportReporter -->
<testsuite skipped="0" hostname="DESKTOP-C90RD6T" name="TestNG8" tests="1" failures="0" timestamp="18 May 2022 13:48:12 GMT" time="71.077" errors="0">
  <testcase name="loginLogoutInActitimeApplication" time="71.077" classname="TestNG8"/>
</testsuite> <!-- TestNG8 -->
